<?xml version="1.0" encoding="UTF-8" standalone="yes" ?> <wps:Execute service="WPS"
             version="1.0.0"
             xmlns:wps="http://www.opengis.net/wps/1.0.0"
             xmlns:ows="http://www.opengis.net/ows/1.1"
             xmlns:xlink="http://www.w3.org/1999/xlink">
  <ows:Identifier>fub-wew~6.0~FUB.Water</ows:Identifier>
  <wps:DataInputs>
    <wps:Input>
        <ows:Identifier>productionType</ows:Identifier>
        <wps:Data>
          <wps:LiteralData>L2Plus</wps:LiteralData>
        </wps:Data>
    </wps:Input>
    <wps:Input>
      <ows:Identifier>productionName</ows:Identifier>
      <wps:Data>
        <wps:LiteralData>MERIS example</wps:LiteralData>
      </wps:Data>
    </wps:Input>
    <wps:Input>
      <ows:Identifier>calvalus.output.dir</ows:Identifier>
      <wps:Data>
        <wps:LiteralData>/calvalus/home/cvuser1/ndvi-example-wps</wps:LiteralData>
      </wps:Data>
    </wps:Input>
    <wps:Input>
      <ows:Identifier>inputDataSetName</ows:Identifier>
      <wps:Data>
        <wps:LiteralData>MERIS FSG L1B (Examples)</wps:LiteralData>
      </wps:Data>
    </wps:Input>
    <wps:Input>
      <ows:Identifier>minDate</ows:Identifier>
      <wps:Data>
        <wps:LiteralData>2009-06-01</wps:LiteralData>
      </wps:Data>
    </wps:Input>
    <wps:Input>
      <ows:Identifier>maxDate</ows:Identifier>
      <wps:Data>
        <wps:LiteralData>2009-06-10</wps:LiteralData>
      </wps:Data>
    </wps:Input>
    <wps:Input>
      <ows:Identifier>outputFormat</ows:Identifier>
      <wps:Data>
        <wps:LiteralData>NetCDF4-CF</wps:LiteralData>
      </wps:Data>
    </wps:Input>
    <wps:Input>
      <ows:Identifier>calvalus.system.beam.pixelGeoCoding.useTiling</ows:Identifier>
      <wps:Data>
        <wps:LiteralData>true</wps:LiteralData>
      </wps:Data>
    </wps:Input>
    <wps:Input>
      <ows:Identifier>calvalus.hadoop.mapreduce.job.queuename</ows:Identifier>
      <wps:Data>
        <wps:LiteralData>default</wps:LiteralData>
      </wps:Data>
    </wps:Input>
    <wps:Input>
        <ows:Identifier>calvalus.hadoop.mapreduce.map.maxattempts</ows:Identifier>
        <wps:Data><wps:LiteralData>2</wps:LiteralData></wps:Data>
    </wps:Input>
    <wps:Input>
      <ows:Identifier>calvalus.hadoop.mapreduce.map.failures.maxpercent</ows:Identifier>
      <wps:Data>
        <wps:LiteralData>0</wps:LiteralData>
      </wps:Data>
    </wps:Input>
  </wps:DataInputs> 
  <wps:ResponseForm>
        <wps:ResponseDocument storeExecuteResponse="true" status="true">
            <wps:Output>
                <ows:Identifier>productionResults</ows:Identifier>
            </wps:Output>
        </wps:ResponseDocument>
    </wps:ResponseForm>
</wps:Execute>

